;  LST file generated by mikroListExporter - v.2.0 
; Date/Time: 9.3.2016 22:56:17
;----------------------------------------------

;Address Opcode 	ASM
0x0000	0x284E      	GOTO       78
_____DoICP:
;__Lib_System.c,6 :: 		
;__Lib_System.c,9 :: 		
0x0003	0x1283      	BCF        STATUS, 5
0x0004	0x1303      	BCF        STATUS, 6
0x0005	0x0821      	MOVF       ___DoICPAddr+1, 0
0x0006	0x008A      	MOVWF      PCLATH
;__Lib_System.c,10 :: 		
0x0007	0x0820      	MOVF       ___DoICPAddr, 0
0x0008	0x0082      	MOVWF      PCL
;__Lib_System.c,12 :: 		
L_end_____DoICP:
0x0009	0x0008      	RETURN
; end of _____DoICP
_mcu_init:
;pic_based_car.c,48 :: 		void mcu_init(void)
;pic_based_car.c,50 :: 		portb = 0;      // portb yi sýfýrla
0x000A	0x1283      	BCF        STATUS, 5
0x000B	0x1303      	BCF        STATUS, 6
0x000C	0x0186      	CLRF       PORTB
;pic_based_car.c,51 :: 		porta = 0;      // porta yý sýfýrla
0x000D	0x0185      	CLRF       PORTA
;pic_based_car.c,52 :: 		cmcon = 0x07;   // Analog Komparatör ler kapalý
0x000E	0x3007      	MOVLW      7
0x000F	0x009F      	MOVWF      CMCON
;pic_based_car.c,53 :: 		trisa = 0x00;      // hepsi çýkýþ all output
0x0010	0x1683      	BSF        STATUS, 5
0x0011	0x0185      	CLRF       TRISA
;pic_based_car.c,54 :: 		}
L_end_mcu_init:
0x0012	0x0008      	RETURN
; end of _mcu_init
_motor_control:
;pic_based_car.c,57 :: 		void motor_control (char direction)
;pic_based_car.c,60 :: 		if(direction==forward)
0x0013	0x1283      	BCF        STATUS, 5
0x0014	0x1303      	BCF        STATUS, 6
0x0015	0x0822      	MOVF       FARG_motor_control_direction, 0
0x0016	0x3A01      	XORLW      1
0x0017	0x1D03      	BTFSS      STATUS, 2
0x0018	0x281E      	GOTO       L_motor_control7
;pic_based_car.c,62 :: 		m11 = 1;
0x0019	0x1405      	BSF        RA0_bit, 0
;pic_based_car.c,63 :: 		m12 = 0;
0x001A	0x1085      	BCF        RA1_bit, 1
;pic_based_car.c,64 :: 		m21 = 1;
0x001B	0x1505      	BSF        RA2_bit, 2
;pic_based_car.c,65 :: 		m22 = 0;
0x001C	0x1185      	BCF        RA3_bit, 3
;pic_based_car.c,66 :: 		}
0x001D	0x2841      	GOTO       L_motor_control8
L_motor_control7:
;pic_based_car.c,68 :: 		else if(direction==backward)
0x001E	0x0822      	MOVF       FARG_motor_control_direction, 0
0x001F	0x3A02      	XORLW      2
0x0020	0x1D03      	BTFSS      STATUS, 2
0x0021	0x2827      	GOTO       L_motor_control9
;pic_based_car.c,70 :: 		m11 = 0;
0x0022	0x1005      	BCF        RA0_bit, 0
;pic_based_car.c,71 :: 		m12 = 1;
0x0023	0x1485      	BSF        RA1_bit, 1
;pic_based_car.c,72 :: 		m21 = 0;
0x0024	0x1105      	BCF        RA2_bit, 2
;pic_based_car.c,73 :: 		m22 = 1;
0x0025	0x1585      	BSF        RA3_bit, 3
;pic_based_car.c,74 :: 		}
0x0026	0x2841      	GOTO       L_motor_control10
L_motor_control9:
;pic_based_car.c,76 :: 		else if(direction==left)
0x0027	0x0822      	MOVF       FARG_motor_control_direction, 0
0x0028	0x3A03      	XORLW      3
0x0029	0x1D03      	BTFSS      STATUS, 2
0x002A	0x2830      	GOTO       L_motor_control11
;pic_based_car.c,78 :: 		m11 = 1;
0x002B	0x1405      	BSF        RA0_bit, 0
;pic_based_car.c,79 :: 		m12 = 0;
0x002C	0x1085      	BCF        RA1_bit, 1
;pic_based_car.c,80 :: 		m21 = 0;
0x002D	0x1105      	BCF        RA2_bit, 2
;pic_based_car.c,81 :: 		m22 = 1;
0x002E	0x1585      	BSF        RA3_bit, 3
;pic_based_car.c,82 :: 		}
0x002F	0x2841      	GOTO       L_motor_control12
L_motor_control11:
;pic_based_car.c,84 :: 		else if(direction==right)
0x0030	0x0822      	MOVF       FARG_motor_control_direction, 0
0x0031	0x3A04      	XORLW      4
0x0032	0x1D03      	BTFSS      STATUS, 2
0x0033	0x2839      	GOTO       L_motor_control13
;pic_based_car.c,86 :: 		m11 = 0;
0x0034	0x1005      	BCF        RA0_bit, 0
;pic_based_car.c,87 :: 		m12 = 1;
0x0035	0x1485      	BSF        RA1_bit, 1
;pic_based_car.c,88 :: 		m21 = 1;
0x0036	0x1505      	BSF        RA2_bit, 2
;pic_based_car.c,89 :: 		m22 = 0;
0x0037	0x1185      	BCF        RA3_bit, 3
;pic_based_car.c,90 :: 		}
0x0038	0x2841      	GOTO       L_motor_control14
L_motor_control13:
;pic_based_car.c,92 :: 		else if(direction==stop)
0x0039	0x0822      	MOVF       FARG_motor_control_direction, 0
0x003A	0x3A05      	XORLW      5
0x003B	0x1D03      	BTFSS      STATUS, 2
0x003C	0x2841      	GOTO       L_motor_control15
;pic_based_car.c,94 :: 		m11 = 0;
0x003D	0x1005      	BCF        RA0_bit, 0
;pic_based_car.c,95 :: 		m12 = 0;
0x003E	0x1085      	BCF        RA1_bit, 1
;pic_based_car.c,96 :: 		m21 = 0;
0x003F	0x1105      	BCF        RA2_bit, 2
;pic_based_car.c,97 :: 		m22 = 0;
0x0040	0x1185      	BCF        RA3_bit, 3
;pic_based_car.c,98 :: 		}
L_motor_control15:
L_motor_control14:
L_motor_control12:
L_motor_control10:
L_motor_control8:
;pic_based_car.c,99 :: 		}
L_end_motor_control:
0x0041	0x0008      	RETURN
; end of _motor_control
___CC2DW:
;__Lib_System.c,134 :: 		
;__Lib_System.c,137 :: 		
_CC2D_Loop1:
;__Lib_System.c,139 :: 		
0x0042	0x2003      	CALL       _____DoICP
0x0043	0x118A      	BCF        PCLATH, 3
0x0044	0x120A      	BCF        PCLATH, 4
;__Lib_System.c,141 :: 		
0x0045	0x0080      	MOVWF      INDF
;__Lib_System.c,142 :: 		
0x0046	0x0A84      	INCF       FSR, 1
;__Lib_System.c,143 :: 		
0x0047	0x0AA0      	INCF       ___DoICPAddr, 1
;__Lib_System.c,145 :: 		
0x0048	0x1903      	BTFSC      STATUS, 2
;__Lib_System.c,146 :: 		
0x0049	0x0AA1      	INCF       ___DoICPAddr+1, 1
;__Lib_System.c,147 :: 		
0x004A	0x03F0      	DECF       R0, 1
;__Lib_System.c,149 :: 		
0x004B	0x1D03      	BTFSS      STATUS, 2
;__Lib_System.c,150 :: 		
0x004C	0x2842      	GOTO       _CC2D_Loop1
;__Lib_System.c,152 :: 		
L_end___CC2DW:
0x004D	0x0008      	RETURN
; end of ___CC2DW
_main:
;pic_based_car.c,26 :: 		void main ()
;pic_based_car.c,28 :: 		mcu_init();
0x004E	0x200A      	CALL       _mcu_init
;pic_based_car.c,30 :: 		while(1)
L_main0:
;pic_based_car.c,32 :: 		motor_control(forward);
0x004F	0x3001      	MOVLW      1
0x0050	0x1283      	BCF        STATUS, 5
0x0051	0x00A2      	MOVWF      FARG_motor_control_direction
0x0052	0x2013      	CALL       _motor_control
;pic_based_car.c,33 :: 		delay_ms(500);
0x0053	0x3003      	MOVLW      3
0x0054	0x00FB      	MOVWF      R11
0x0055	0x308A      	MOVLW      138
0x0056	0x00FC      	MOVWF      R12
0x0057	0x3055      	MOVLW      85
0x0058	0x00FD      	MOVWF      R13
L_main2:
0x0059	0x0BFD      	DECFSZ     R13, 1
0x005A	0x2859      	GOTO       L_main2
0x005B	0x0BFC      	DECFSZ     R12, 1
0x005C	0x2859      	GOTO       L_main2
0x005D	0x0BFB      	DECFSZ     R11, 1
0x005E	0x2859      	GOTO       L_main2
0x005F	0x0000      	NOP
0x0060	0x0000      	NOP
;pic_based_car.c,34 :: 		motor_control(right);
0x0061	0x3004      	MOVLW      4
0x0062	0x00A2      	MOVWF      FARG_motor_control_direction
0x0063	0x2013      	CALL       _motor_control
;pic_based_car.c,35 :: 		delay_ms(100);
0x0064	0x3082      	MOVLW      130
0x0065	0x00FC      	MOVWF      R12
0x0066	0x30DD      	MOVLW      221
0x0067	0x00FD      	MOVWF      R13
L_main3:
0x0068	0x0BFD      	DECFSZ     R13, 1
0x0069	0x2868      	GOTO       L_main3
0x006A	0x0BFC      	DECFSZ     R12, 1
0x006B	0x2868      	GOTO       L_main3
0x006C	0x0000      	NOP
0x006D	0x0000      	NOP
;pic_based_car.c,36 :: 		motor_control(forward);
0x006E	0x3001      	MOVLW      1
0x006F	0x00A2      	MOVWF      FARG_motor_control_direction
0x0070	0x2013      	CALL       _motor_control
;pic_based_car.c,37 :: 		delay_ms(500);
0x0071	0x3003      	MOVLW      3
0x0072	0x00FB      	MOVWF      R11
0x0073	0x308A      	MOVLW      138
0x0074	0x00FC      	MOVWF      R12
0x0075	0x3055      	MOVLW      85
0x0076	0x00FD      	MOVWF      R13
L_main4:
0x0077	0x0BFD      	DECFSZ     R13, 1
0x0078	0x2877      	GOTO       L_main4
0x0079	0x0BFC      	DECFSZ     R12, 1
0x007A	0x2877      	GOTO       L_main4
0x007B	0x0BFB      	DECFSZ     R11, 1
0x007C	0x2877      	GOTO       L_main4
0x007D	0x0000      	NOP
0x007E	0x0000      	NOP
;pic_based_car.c,38 :: 		motor_control(left);
0x007F	0x3003      	MOVLW      3
0x0080	0x00A2      	MOVWF      FARG_motor_control_direction
0x0081	0x2013      	CALL       _motor_control
;pic_based_car.c,39 :: 		delay_ms(100);
0x0082	0x3082      	MOVLW      130
0x0083	0x00FC      	MOVWF      R12
0x0084	0x30DD      	MOVLW      221
0x0085	0x00FD      	MOVWF      R13
L_main5:
0x0086	0x0BFD      	DECFSZ     R13, 1
0x0087	0x2886      	GOTO       L_main5
0x0088	0x0BFC      	DECFSZ     R12, 1
0x0089	0x2886      	GOTO       L_main5
0x008A	0x0000      	NOP
0x008B	0x0000      	NOP
;pic_based_car.c,40 :: 		motor_control(backward);
0x008C	0x3002      	MOVLW      2
0x008D	0x00A2      	MOVWF      FARG_motor_control_direction
0x008E	0x2013      	CALL       _motor_control
;pic_based_car.c,41 :: 		delay_ms(500);
0x008F	0x3003      	MOVLW      3
0x0090	0x00FB      	MOVWF      R11
0x0091	0x308A      	MOVLW      138
0x0092	0x00FC      	MOVWF      R12
0x0093	0x3055      	MOVLW      85
0x0094	0x00FD      	MOVWF      R13
L_main6:
0x0095	0x0BFD      	DECFSZ     R13, 1
0x0096	0x2895      	GOTO       L_main6
0x0097	0x0BFC      	DECFSZ     R12, 1
0x0098	0x2895      	GOTO       L_main6
0x0099	0x0BFB      	DECFSZ     R11, 1
0x009A	0x2895      	GOTO       L_main6
0x009B	0x0000      	NOP
0x009C	0x0000      	NOP
;pic_based_car.c,42 :: 		motor_control(stop);
0x009D	0x3005      	MOVLW      5
0x009E	0x00A2      	MOVWF      FARG_motor_control_direction
0x009F	0x2013      	CALL       _motor_control
;pic_based_car.c,43 :: 		}
0x00A0	0x284F      	GOTO       L_main0
;pic_based_car.c,45 :: 		}
L_end_main:
0x00A1	0x28A1      	GOTO       $+0
; end of _main
Symbol List:
//** Routines locations **
//ADDRESS    SIZE    PROCEDURE
//----------------------------------------------
0x0003       [7]    _____DoICP
0x000A       [9]    _mcu_init
0x0013      [47]    _motor_control
0x0042      [12]    ___CC2DW
0x004E      [84]    _main
//** Variables locations ** 
//ADDRESS    SIZE    VARIABLE
//----------------------------------------------
0x0000       [1]    INDF
0x0002       [1]    PCL
0x0003       [1]    STATUS
0x0004       [1]    FSR
0x0005       [0]    RA1_bit
0x0005       [0]    RA2_bit
0x0005       [0]    RA3_bit
0x0005       [0]    RA0_bit
0x0005       [1]    PORTA
0x0006       [1]    PORTB
0x000A       [1]    PCLATH
0x001F       [1]    CMCON
0x0020       [2]    ___DoICPAddr
0x0022       [1]    FARG_motor_control_direction
0x0070       [1]    R0
0x0071       [1]    R1
0x0072       [1]    R2
0x0073       [1]    R3
0x0074       [1]    R4
0x0075       [1]    R5
0x0076       [1]    R6
0x0077       [1]    R7
0x0078       [1]    R8
0x0079       [1]    R9
0x007A       [1]    R10
0x007B       [1]    R11
0x007C       [1]    R12
0x007D       [1]    R13
0x007E       [1]    R14
0x007F       [1]    R15
0x0085       [1]    TRISA
//** Label List: ** 
//----------------------------------------------
  L_main0
  L_main1
  L_main2
  L_main3
  L_main4
  L_main5
  L_main6
  L_motor_control7
  L_motor_control8
  L_motor_control9
  L_motor_control10
  L_motor_control11
  L_motor_control12
  L_motor_control13
  L_motor_control14
  L_motor_control15
  L_end_main
  _main
  L_end_mcu_init
  _mcu_init
  L_end_motor_control
  _motor_control
  L_loopCA2AWs
  L_CA2AWend
  _CCA2AW_Loop1
  L_loopCS2Ss
  L_CS2Send
  _CCS2S_Loop1
  L_CCS2Send
  L_loopFZinSWs
  L_FZinSend
  _CC2D_Loop1
  L_end_____DoICP
  _____DoICP
  L_end_____DoIFC
  _____DoIFC
  L_end___CA2AW
  ___CA2AW
  L_end___CCA2AW
  ___CCA2AW
  L_end___CS2S
  ___CS2S
  L_end___CCS2S
  ___CCS2S
  L_end___FZinS
  ___FZinS
  L_end___CC2DW
  ___CC2DW
  L_end_Swap
  _Swap
