0	1	mikroCPIC1618.exe -MSF -DBG -pP16F628A -RA -DL -O11111115 -fo4 -N"C:\Users\user\WEBSÝTE\L293D_PIC\MikroC\pic_based_car.mcppi" -SP"C:\Users\user\Desktop\HDD\AZÝZ\Documents\Mikroelektronika\mikroC PRO for PIC\defs\" -SP"C:\Users\user\Desktop\HDD\AZÝZ\Documents\Mikroelektronika\mikroC PRO for PIC\Uses\P16\" -SP"C:\Users\user\WEBSÝTE\L293D_PIC\MikroC\" "pic_based_car.c" "__Lib_Math.mcl" "__Lib_MathDouble.mcl" "__Lib_System.mcl" "__Lib_Delays.mcl" "__Lib_CType.mcl" "__Lib_CString.mcl" "__Lib_CStdlib.mcl" "__Lib_CMath.mcl" "__Lib_MemManager.mcl" "__Lib_Conversions.mcl" "__Lib_Sprinti.mcl" "__Lib_Sprintl.mcl" "__Lib_Time.mcl" "__Lib_Trigonometry.mcl" "__Lib_Button.mcl" "__Lib_Keypad4x4.mcl" "__Lib_Manchester.mcl" "__Lib_OneWire.mcl" "__Lib_PS2.mcl" "__Lib_Sound.mcl" "__Lib_SoftI2C.mcl" "__Lib_SoftSPI.mcl" "__Lib_SoftUART.mcl" "__Lib_EEPROM.mcl" "__Lib_PWM_b3.mcl" "__Lib_UART_b21.mcl" "__Lib_CF.mcl" "__Lib_GlcdFonts.mcl" "__Lib_Glcd.mcl" "__Lib_LcdConsts.mcl" "__Lib_Lcd.mcl" "__Lib_RS485.mcl" "__Lib_S1D13700.mcl" "__Lib_T6963C.mcl"	 
hint: 0	1139	Available RAM: 208 [bytes], Available ROM: 2048 [bytes]	 
diagnostics: 0	122	Compilation Started	P16F628A.c
diagnostics: 369	123	Compiled Successfully	P16F628A.c
diagnostics: 0	122	Compilation Started	__Lib_Delays.c
diagnostics: 123	123	Compiled Successfully	__Lib_Delays.c
diagnostics: 0	122	Compilation Started	__Lib_MemManager.c
warning: 34	1508	Implicit conversion of int to ptr	__Lib_MemManager.c
warning: 38	1508	Implicit conversion of int to ptr	__Lib_MemManager.c
warning: 80	1508	Implicit conversion of int to ptr	__Lib_MemManager.c
warning: 86	1508	Implicit conversion of int to ptr	__Lib_MemManager.c
warning: 109	1508	Implicit conversion of int to ptr	__Lib_MemManager.c
warning: 124	1508	Implicit conversion of int to ptr	__Lib_MemManager.c
warning: 196	1508	Implicit conversion of int to ptr	__Lib_MemManager.c
diagnostics: 231	123	Compiled Successfully	__Lib_MemManager.c
diagnostics: 0	122	Compilation Started	__Lib_GlcdFonts.c
diagnostics: 1207	123	Compiled Successfully	__Lib_GlcdFonts.c
diagnostics: 0	126	All files Preprocessed in 31 ms	 
diagnostics: 0	122	Compilation Started	pic_based_car.c
diagnostics: 99	123	Compiled Successfully	pic_based_car.c
diagnostics: 0	127	All files Compiled in 31 ms	 
hint: 0	1144	Used RAM (bytes): 4 (2%)  Free RAM (bytes): 204 (98%)	Used RAM (bytes): 4 (2%)  Free RAM (bytes): 204 (98%)
hint: 0	1144	Used ROM (program words): 159 (8%)  Free ROM (program words): 1889 (92%)	Used ROM (program words): 159 (8%)  Free ROM (program words): 1889 (92%)
diagnostics: 0	125	Project Linked Successfully	pic_based_car.mcppi
diagnostics: 0	128	Linked in 63 ms	 
diagnostics: 0	129	Project 'pic_based_car.mcppi' completed: 375 ms	 
diagnostics: 0	103	Finished successfully: 09 Mar 2016, 22:56:17	pic_based_car.mcppi
